2023/12/19 11:03:18 [notice] 1#1: using the "epoll" event method
2023/12/19 11:03:18 [notice] 1#1: nginx/1.25.3
2023/12/19 11:03:18 [notice] 1#1: built by gcc 12.2.0 (Debian 12.2.0-14) 
2023/12/19 11:03:18 [notice] 1#1: OS: Linux 6.5.11-linuxkit
2023/12/19 11:03:18 [notice] 1#1: getrlimit(RLIMIT_NOFILE): 1048576:1048576
2023/12/19 11:03:18 [notice] 1#1: start worker processes
2023/12/19 11:03:18 [notice] 1#1: start worker process 21
2023/12/19 11:03:18 [notice] 1#1: start worker process 22
2023/12/19 11:43:12 [notice] 1#1: signal 3 (SIGQUIT) received, shutting down
2023/12/19 11:43:12 [notice] 21#21: gracefully shutting down
2023/12/19 11:43:12 [notice] 21#21: exiting
2023/12/19 11:43:12 [notice] 22#22: gracefully shutting down
2023/12/19 11:43:12 [notice] 22#22: exiting
2023/12/19 11:43:12 [notice] 21#21: exit
2023/12/19 11:43:12 [notice] 22#22: exit
2023/12/19 11:43:12 [notice] 1#1: signal 17 (SIGCHLD) received from 21
2023/12/19 11:43:12 [notice] 1#1: worker process 21 exited with code 0
2023/12/19 11:43:12 [notice] 1#1: worker process 22 exited with code 0
2023/12/19 11:43:12 [notice] 1#1: exit
2023/12/19 11:48:01 [notice] 1#1: using the "epoll" event method
2023/12/19 11:48:01 [notice] 1#1: nginx/1.25.3
2023/12/19 11:48:01 [notice] 1#1: built by gcc 12.2.0 (Debian 12.2.0-14) 
2023/12/19 11:48:01 [notice] 1#1: OS: Linux 6.5.11-linuxkit
2023/12/19 11:48:01 [notice] 1#1: getrlimit(RLIMIT_NOFILE): 1048576:1048576
2023/12/19 11:48:01 [notice] 1#1: start worker processes
2023/12/19 11:48:01 [notice] 1#1: start worker process 21
2023/12/19 11:48:01 [notice] 1#1: start worker process 22
2023/12/19 11:51:45 [notice] 1#1: signal 3 (SIGQUIT) received, shutting down
2023/12/19 11:51:45 [notice] 21#21: gracefully shutting down
2023/12/19 11:51:45 [notice] 21#21: exiting
2023/12/19 11:51:45 [notice] 22#22: gracefully shutting down
2023/12/19 11:51:45 [notice] 22#22: exiting
2023/12/19 11:51:45 [notice] 21#21: exit
2023/12/19 11:51:45 [notice] 22#22: exit
2023/12/19 11:51:45 [notice] 1#1: signal 17 (SIGCHLD) received from 22
2023/12/19 11:51:45 [notice] 1#1: worker process 21 exited with code 0
2023/12/19 11:51:45 [notice] 1#1: worker process 22 exited with code 0
2023/12/19 11:51:45 [notice] 1#1: exit
2023/12/19 11:52:01 [notice] 1#1: using the "epoll" event method
2023/12/19 11:52:01 [notice] 1#1: nginx/1.25.3
2023/12/19 11:52:01 [notice] 1#1: built by gcc 12.2.0 (Debian 12.2.0-14) 
2023/12/19 11:52:01 [notice] 1#1: OS: Linux 6.5.11-linuxkit
2023/12/19 11:52:01 [notice] 1#1: getrlimit(RLIMIT_NOFILE): 1048576:1048576
2023/12/19 11:52:01 [notice] 1#1: start worker processes
2023/12/19 11:52:01 [notice] 1#1: start worker process 22
2023/12/19 11:52:01 [notice] 1#1: start worker process 23
2023/12/19 11:53:17 [notice] 1#1: signal 3 (SIGQUIT) received, shutting down
2023/12/19 11:53:17 [notice] 22#22: gracefully shutting down
2023/12/19 11:53:17 [notice] 23#23: gracefully shutting down
2023/12/19 11:53:17 [notice] 22#22: exiting
2023/12/19 11:53:17 [notice] 22#22: exit
2023/12/19 11:53:17 [notice] 23#23: exiting
2023/12/19 11:53:17 [notice] 23#23: exit
2023/12/19 11:53:17 [notice] 1#1: signal 17 (SIGCHLD) received from 23
2023/12/19 11:53:17 [notice] 1#1: worker process 22 exited with code 0
2023/12/19 11:53:17 [notice] 1#1: worker process 23 exited with code 0
2023/12/19 11:53:17 [notice] 1#1: exit
2023/12/19 11:53:52 [notice] 1#1: using the "epoll" event method
2023/12/19 11:53:52 [notice] 1#1: nginx/1.25.3
2023/12/19 11:53:52 [notice] 1#1: built by gcc 12.2.0 (Debian 12.2.0-14) 
2023/12/19 11:53:52 [notice] 1#1: OS: Linux 6.5.11-linuxkit
2023/12/19 11:53:52 [notice] 1#1: getrlimit(RLIMIT_NOFILE): 1048576:1048576
2023/12/19 11:53:52 [notice] 1#1: start worker processes
2023/12/19 11:53:52 [notice] 1#1: start worker process 21
2023/12/19 11:53:52 [notice] 1#1: start worker process 22
2023/12/19 11:55:14 [notice] 1#1: signal 3 (SIGQUIT) received, shutting down
2023/12/19 11:55:14 [notice] 21#21: gracefully shutting down
2023/12/19 11:55:14 [notice] 21#21: exiting
2023/12/19 11:55:14 [notice] 22#22: gracefully shutting down
2023/12/19 11:55:14 [notice] 22#22: exiting
2023/12/19 11:55:14 [notice] 21#21: exit
2023/12/19 11:55:14 [notice] 22#22: exit
2023/12/19 11:55:14 [notice] 1#1: signal 17 (SIGCHLD) received from 21
2023/12/19 11:55:14 [notice] 1#1: worker process 21 exited with code 0
2023/12/19 11:55:14 [notice] 1#1: signal 29 (SIGIO) received
2023/12/19 11:55:14 [notice] 1#1: signal 17 (SIGCHLD) received from 22
2023/12/19 11:55:14 [notice] 1#1: worker process 22 exited with code 0
2023/12/19 11:55:14 [notice] 1#1: exit
2023/12/19 11:56:57 [notice] 1#1: using the "epoll" event method
2023/12/19 11:56:57 [notice] 1#1: nginx/1.25.3
2023/12/19 11:56:57 [notice] 1#1: built by gcc 12.2.0 (Debian 12.2.0-14) 
2023/12/19 11:56:57 [notice] 1#1: OS: Linux 6.5.11-linuxkit
2023/12/19 11:56:57 [notice] 1#1: getrlimit(RLIMIT_NOFILE): 1048576:1048576
2023/12/19 11:56:57 [notice] 1#1: start worker processes
2023/12/19 11:56:57 [notice] 1#1: start worker process 21
2023/12/19 11:56:57 [notice] 1#1: start worker process 22
2023/12/19 12:00:03 [notice] 1#1: signal 3 (SIGQUIT) received, shutting down
2023/12/19 12:00:03 [notice] 21#21: gracefully shutting down
2023/12/19 12:00:03 [notice] 22#22: gracefully shutting down
2023/12/19 12:00:03 [notice] 21#21: exiting
2023/12/19 12:00:03 [notice] 21#21: exit
2023/12/19 12:00:03 [notice] 22#22: exiting
2023/12/19 12:00:03 [notice] 22#22: exit
2023/12/19 12:00:03 [notice] 1#1: signal 17 (SIGCHLD) received from 21
2023/12/19 12:00:03 [notice] 1#1: worker process 21 exited with code 0
2023/12/19 12:00:03 [notice] 1#1: worker process 22 exited with code 0
2023/12/19 12:00:03 [notice] 1#1: exit
2023/12/19 12:03:03 [notice] 1#1: using the "epoll" event method
2023/12/19 12:03:03 [notice] 1#1: nginx/1.25.3
2023/12/19 12:03:03 [notice] 1#1: built by gcc 12.2.0 (Debian 12.2.0-14) 
2023/12/19 12:03:03 [notice] 1#1: OS: Linux 6.5.11-linuxkit
2023/12/19 12:03:03 [notice] 1#1: getrlimit(RLIMIT_NOFILE): 1048576:1048576
2023/12/19 12:03:03 [notice] 1#1: start worker processes
2023/12/19 12:03:03 [notice] 1#1: start worker process 21
2023/12/19 12:03:03 [notice] 1#1: start worker process 22
2023/12/19 12:30:42 [notice] 1#1: signal 3 (SIGQUIT) received, shutting down
2023/12/19 12:30:42 [notice] 21#21: gracefully shutting down
2023/12/19 12:30:42 [notice] 21#21: exiting
2023/12/19 12:30:42 [notice] 22#22: gracefully shutting down
2023/12/19 12:30:42 [notice] 22#22: exiting
2023/12/19 12:30:42 [notice] 21#21: exit
2023/12/19 12:30:42 [notice] 22#22: exit
2023/12/19 12:30:42 [notice] 1#1: signal 17 (SIGCHLD) received from 22
2023/12/19 12:30:42 [notice] 1#1: worker process 22 exited with code 0
2023/12/19 12:30:42 [notice] 1#1: signal 29 (SIGIO) received
2023/12/19 12:30:42 [notice] 1#1: signal 17 (SIGCHLD) received from 21
2023/12/19 12:30:42 [notice] 1#1: worker process 21 exited with code 0
2023/12/19 12:30:42 [notice] 1#1: exit
2023/12/19 12:31:09 [notice] 1#1: using the "epoll" event method
2023/12/19 12:31:09 [notice] 1#1: nginx/1.25.3
2023/12/19 12:31:09 [notice] 1#1: built by gcc 12.2.0 (Debian 12.2.0-14) 
2023/12/19 12:31:09 [notice] 1#1: OS: Linux 6.5.11-linuxkit
2023/12/19 12:31:09 [notice] 1#1: getrlimit(RLIMIT_NOFILE): 1048576:1048576
2023/12/19 12:31:09 [notice] 1#1: start worker processes
2023/12/19 12:31:09 [notice] 1#1: start worker process 20
2023/12/19 12:31:09 [notice] 1#1: start worker process 21
2023/12/19 12:33:10 [error] 20#20: *1 connect() failed (113: No route to host) while connecting to upstream, client: 172.31.0.1, server: app.local, request: "GET / HTTP/1.1", upstream: "fastcgi://172.31.0.3:9000", host: "127.0.0.1:8080"
2023/12/19 12:34:24 [notice] 1#1: signal 3 (SIGQUIT) received, shutting down
2023/12/19 12:34:24 [notice] 20#20: gracefully shutting down
2023/12/19 12:34:24 [notice] 21#21: gracefully shutting down
2023/12/19 12:34:24 [notice] 20#20: exiting
2023/12/19 12:34:24 [notice] 21#21: exiting
2023/12/19 12:34:24 [notice] 21#21: exit
2023/12/19 12:34:24 [notice] 20#20: exit
2023/12/19 12:34:24 [notice] 1#1: signal 17 (SIGCHLD) received from 21
2023/12/19 12:34:24 [notice] 1#1: worker process 20 exited with code 0
2023/12/19 12:34:24 [notice] 1#1: worker process 21 exited with code 0
2023/12/19 12:34:24 [notice] 1#1: exit
2023/12/19 12:34:28 [notice] 1#1: using the "epoll" event method
2023/12/19 12:34:28 [notice] 1#1: nginx/1.25.3
2023/12/19 12:34:28 [notice] 1#1: built by gcc 12.2.0 (Debian 12.2.0-14) 
2023/12/19 12:34:28 [notice] 1#1: OS: Linux 6.5.11-linuxkit
2023/12/19 12:34:28 [notice] 1#1: getrlimit(RLIMIT_NOFILE): 1048576:1048576
2023/12/19 12:34:28 [notice] 1#1: start worker processes
2023/12/19 12:34:28 [notice] 1#1: start worker process 21
2023/12/19 12:34:28 [notice] 1#1: start worker process 22
2023/12/19 12:35:40 [notice] 1#1: signal 3 (SIGQUIT) received, shutting down
2023/12/19 12:35:40 [notice] 21#21: gracefully shutting down
2023/12/19 12:35:40 [notice] 21#21: exiting
2023/12/19 12:35:40 [notice] 22#22: gracefully shutting down
2023/12/19 12:35:40 [notice] 21#21: exit
2023/12/19 12:35:40 [notice] 22#22: exiting
2023/12/19 12:35:40 [notice] 22#22: exit
2023/12/19 12:35:40 [notice] 1#1: signal 17 (SIGCHLD) received from 21
2023/12/19 12:35:40 [notice] 1#1: worker process 21 exited with code 0
2023/12/19 12:35:40 [notice] 1#1: worker process 22 exited with code 0
2023/12/19 12:35:40 [notice] 1#1: exit
2023/12/19 12:35:44 [notice] 1#1: using the "epoll" event method
2023/12/19 12:35:44 [notice] 1#1: nginx/1.25.3
2023/12/19 12:35:44 [notice] 1#1: built by gcc 12.2.0 (Debian 12.2.0-14) 
2023/12/19 12:35:44 [notice] 1#1: OS: Linux 6.5.11-linuxkit
2023/12/19 12:35:44 [notice] 1#1: getrlimit(RLIMIT_NOFILE): 1048576:1048576
2023/12/19 12:35:44 [notice] 1#1: start worker processes
2023/12/19 12:35:44 [notice] 1#1: start worker process 21
2023/12/19 12:35:44 [notice] 1#1: start worker process 22
2023/12/19 12:35:51 [notice] 1#1: signal 3 (SIGQUIT) received, shutting down
2023/12/19 12:35:51 [notice] 22#22: gracefully shutting down
2023/12/19 12:35:51 [notice] 21#21: gracefully shutting down
2023/12/19 12:35:51 [notice] 21#21: exiting
2023/12/19 12:35:51 [notice] 22#22: exiting
2023/12/19 12:35:51 [notice] 22#22: exit
2023/12/19 12:35:51 [notice] 21#21: exit
2023/12/19 12:35:51 [notice] 1#1: signal 17 (SIGCHLD) received from 21
2023/12/19 12:35:51 [notice] 1#1: worker process 21 exited with code 0
2023/12/19 12:35:51 [notice] 1#1: worker process 22 exited with code 0
2023/12/19 12:35:51 [notice] 1#1: exit
2023/12/19 12:35:55 [notice] 1#1: using the "epoll" event method
2023/12/19 12:35:55 [notice] 1#1: nginx/1.25.3
2023/12/19 12:35:55 [notice] 1#1: built by gcc 12.2.0 (Debian 12.2.0-14) 
2023/12/19 12:35:55 [notice] 1#1: OS: Linux 6.5.11-linuxkit
2023/12/19 12:35:55 [notice] 1#1: getrlimit(RLIMIT_NOFILE): 1048576:1048576
2023/12/19 12:35:55 [notice] 1#1: start worker processes
2023/12/19 12:35:55 [notice] 1#1: start worker process 20
2023/12/19 12:35:55 [notice] 1#1: start worker process 21
2023/12/19 12:37:51 [notice] 1#1: signal 3 (SIGQUIT) received, shutting down
2023/12/19 12:37:51 [notice] 21#21: gracefully shutting down
2023/12/19 12:37:51 [notice] 21#21: exiting
2023/12/19 12:37:51 [notice] 20#20: gracefully shutting down
2023/12/19 12:37:51 [notice] 20#20: exiting
2023/12/19 12:37:51 [notice] 21#21: exit
2023/12/19 12:37:51 [notice] 20#20: exit
2023/12/19 12:37:51 [notice] 1#1: signal 17 (SIGCHLD) received from 21
2023/12/19 12:37:51 [notice] 1#1: worker process 20 exited with code 0
2023/12/19 12:37:51 [notice] 1#1: worker process 21 exited with code 0
2023/12/19 12:37:51 [notice] 1#1: exit
2023/12/19 12:37:55 [notice] 1#1: using the "epoll" event method
2023/12/19 12:37:55 [notice] 1#1: nginx/1.25.3
2023/12/19 12:37:55 [notice] 1#1: built by gcc 12.2.0 (Debian 12.2.0-14) 
2023/12/19 12:37:55 [notice] 1#1: OS: Linux 6.5.11-linuxkit
2023/12/19 12:37:55 [notice] 1#1: getrlimit(RLIMIT_NOFILE): 1048576:1048576
2023/12/19 12:37:55 [notice] 1#1: start worker processes
2023/12/19 12:37:55 [notice] 1#1: start worker process 21
2023/12/19 12:37:55 [notice] 1#1: start worker process 22
2023/12/19 12:38:16 [notice] 1#1: signal 3 (SIGQUIT) received, shutting down
2023/12/19 12:38:16 [notice] 21#21: gracefully shutting down
2023/12/19 12:38:16 [notice] 22#22: gracefully shutting down
2023/12/19 12:38:16 [notice] 21#21: exiting
2023/12/19 12:38:16 [notice] 21#21: exit
2023/12/19 12:38:16 [notice] 22#22: exiting
2023/12/19 12:38:16 [notice] 22#22: exit
2023/12/19 12:38:16 [notice] 1#1: signal 17 (SIGCHLD) received from 21
2023/12/19 12:38:16 [notice] 1#1: worker process 21 exited with code 0
2023/12/19 12:38:16 [notice] 1#1: signal 29 (SIGIO) received
2023/12/19 12:38:16 [notice] 1#1: signal 17 (SIGCHLD) received from 22
2023/12/19 12:38:16 [notice] 1#1: worker process 22 exited with code 0
2023/12/19 12:38:16 [notice] 1#1: exit
2023/12/19 12:38:21 [notice] 1#1: using the "epoll" event method
2023/12/19 12:38:21 [notice] 1#1: nginx/1.25.3
2023/12/19 12:38:21 [notice] 1#1: built by gcc 12.2.0 (Debian 12.2.0-14) 
2023/12/19 12:38:21 [notice] 1#1: OS: Linux 6.5.11-linuxkit
2023/12/19 12:38:21 [notice] 1#1: getrlimit(RLIMIT_NOFILE): 1048576:1048576
2023/12/19 12:38:21 [notice] 1#1: start worker processes
2023/12/19 12:38:21 [notice] 1#1: start worker process 21
2023/12/19 12:38:21 [notice] 1#1: start worker process 22
2023/12/19 12:39:09 [notice] 1#1: signal 3 (SIGQUIT) received, shutting down
2023/12/19 12:39:09 [notice] 21#21: gracefully shutting down
2023/12/19 12:39:09 [notice] 21#21: exiting
2023/12/19 12:39:09 [notice] 22#22: gracefully shutting down
2023/12/19 12:39:09 [notice] 22#22: exiting
2023/12/19 12:39:09 [notice] 21#21: exit
2023/12/19 12:39:09 [notice] 22#22: exit
2023/12/19 12:39:09 [notice] 1#1: signal 17 (SIGCHLD) received from 21
2023/12/19 12:39:09 [notice] 1#1: worker process 21 exited with code 0
2023/12/19 12:39:09 [notice] 1#1: worker process 22 exited with code 0
2023/12/19 12:39:09 [notice] 1#1: exit
2023/12/19 12:39:14 [notice] 1#1: using the "epoll" event method
2023/12/19 12:39:14 [notice] 1#1: nginx/1.25.3
2023/12/19 12:39:14 [notice] 1#1: built by gcc 12.2.0 (Debian 12.2.0-14) 
2023/12/19 12:39:14 [notice] 1#1: OS: Linux 6.5.11-linuxkit
2023/12/19 12:39:14 [notice] 1#1: getrlimit(RLIMIT_NOFILE): 1048576:1048576
2023/12/19 12:39:14 [notice] 1#1: start worker processes
2023/12/19 12:39:14 [notice] 1#1: start worker process 21
2023/12/19 12:39:14 [notice] 1#1: start worker process 22
2023/12/19 12:39:28 [notice] 1#1: signal 3 (SIGQUIT) received, shutting down
2023/12/19 12:39:28 [notice] 21#21: gracefully shutting down
2023/12/19 12:39:28 [notice] 22#22: gracefully shutting down
2023/12/19 12:39:28 [notice] 21#21: exiting
2023/12/19 12:39:28 [notice] 21#21: exit
2023/12/19 12:39:28 [notice] 22#22: exiting
2023/12/19 12:39:28 [notice] 22#22: exit
2023/12/19 12:39:28 [notice] 1#1: signal 17 (SIGCHLD) received from 22
2023/12/19 12:39:28 [notice] 1#1: worker process 21 exited with code 0
2023/12/19 12:39:28 [notice] 1#1: worker process 22 exited with code 0
2023/12/19 12:39:28 [notice] 1#1: exit
2023/12/19 12:39:34 [notice] 1#1: using the "epoll" event method
2023/12/19 12:39:34 [notice] 1#1: nginx/1.25.3
2023/12/19 12:39:34 [notice] 1#1: built by gcc 12.2.0 (Debian 12.2.0-14) 
2023/12/19 12:39:34 [notice] 1#1: OS: Linux 6.5.11-linuxkit
2023/12/19 12:39:34 [notice] 1#1: getrlimit(RLIMIT_NOFILE): 1048576:1048576
2023/12/19 12:39:34 [notice] 1#1: start worker processes
2023/12/19 12:39:34 [notice] 1#1: start worker process 21
2023/12/19 12:39:34 [notice] 1#1: start worker process 22
2023/12/19 12:42:32 [notice] 1#1: signal 3 (SIGQUIT) received, shutting down
2023/12/19 12:42:32 [notice] 21#21: gracefully shutting down
2023/12/19 12:42:32 [notice] 21#21: exiting
2023/12/19 12:42:32 [notice] 22#22: gracefully shutting down
2023/12/19 12:42:32 [notice] 22#22: exiting
2023/12/19 12:42:32 [notice] 21#21: exit
2023/12/19 12:42:32 [notice] 22#22: exit
2023/12/19 12:42:32 [notice] 1#1: signal 17 (SIGCHLD) received from 21
2023/12/19 12:42:32 [notice] 1#1: worker process 21 exited with code 0
2023/12/19 12:42:32 [notice] 1#1: worker process 22 exited with code 0
2023/12/19 12:42:32 [notice] 1#1: exit
2023/12/19 12:42:43 [notice] 1#1: using the "epoll" event method
2023/12/19 12:42:43 [notice] 1#1: nginx/1.25.3
2023/12/19 12:42:43 [notice] 1#1: built by gcc 12.2.0 (Debian 12.2.0-14) 
2023/12/19 12:42:43 [notice] 1#1: OS: Linux 6.5.11-linuxkit
2023/12/19 12:42:43 [notice] 1#1: getrlimit(RLIMIT_NOFILE): 1048576:1048576
2023/12/19 12:42:43 [notice] 1#1: start worker processes
2023/12/19 12:42:43 [notice] 1#1: start worker process 21
2023/12/19 12:42:43 [notice] 1#1: start worker process 22
2023/12/19 12:42:49 [notice] 1#1: signal 3 (SIGQUIT) received, shutting down
2023/12/19 12:42:49 [notice] 21#21: gracefully shutting down
2023/12/19 12:42:49 [notice] 22#22: gracefully shutting down
2023/12/19 12:42:49 [notice] 22#22: exiting
2023/12/19 12:42:49 [notice] 21#21: exiting
2023/12/19 12:42:49 [notice] 21#21: exit
2023/12/19 12:42:49 [notice] 22#22: exit
2023/12/19 12:42:49 [notice] 1#1: signal 17 (SIGCHLD) received from 21
2023/12/19 12:42:49 [notice] 1#1: worker process 21 exited with code 0
2023/12/19 12:42:49 [notice] 1#1: signal 29 (SIGIO) received
2023/12/19 12:42:49 [notice] 1#1: signal 17 (SIGCHLD) received from 22
2023/12/19 12:42:49 [notice] 1#1: worker process 22 exited with code 0
2023/12/19 12:42:49 [notice] 1#1: exit
2023/12/19 12:44:33 [notice] 1#1: using the "epoll" event method
2023/12/19 12:44:33 [notice] 1#1: nginx/1.25.3
2023/12/19 12:44:33 [notice] 1#1: built by gcc 12.2.0 (Debian 12.2.0-14) 
2023/12/19 12:44:33 [notice] 1#1: OS: Linux 6.5.11-linuxkit
2023/12/19 12:44:33 [notice] 1#1: getrlimit(RLIMIT_NOFILE): 1048576:1048576
2023/12/19 12:44:33 [notice] 1#1: start worker processes
2023/12/19 12:44:33 [notice] 1#1: start worker process 21
2023/12/19 12:44:33 [notice] 1#1: start worker process 22
2023/12/19 12:46:28 [notice] 1#1: signal 3 (SIGQUIT) received, shutting down
2023/12/19 12:46:28 [notice] 21#21: gracefully shutting down
2023/12/19 12:46:28 [notice] 21#21: exiting
2023/12/19 12:46:28 [notice] 22#22: gracefully shutting down
2023/12/19 12:46:28 [notice] 21#21: exit
2023/12/19 12:46:28 [notice] 22#22: exiting
2023/12/19 12:46:28 [notice] 22#22: exit
2023/12/19 12:46:28 [notice] 1#1: signal 17 (SIGCHLD) received from 21
2023/12/19 12:46:28 [notice] 1#1: worker process 21 exited with code 0
2023/12/19 12:46:28 [notice] 1#1: signal 29 (SIGIO) received
2023/12/19 12:46:28 [notice] 1#1: signal 17 (SIGCHLD) received from 22
2023/12/19 12:46:28 [notice] 1#1: worker process 22 exited with code 0
2023/12/19 12:46:28 [notice] 1#1: exit
2023/12/19 12:46:46 [notice] 1#1: using the "epoll" event method
2023/12/19 12:46:46 [notice] 1#1: nginx/1.25.3
2023/12/19 12:46:46 [notice] 1#1: built by gcc 12.2.0 (Debian 12.2.0-14) 
2023/12/19 12:46:46 [notice] 1#1: OS: Linux 6.5.11-linuxkit
2023/12/19 12:46:46 [notice] 1#1: getrlimit(RLIMIT_NOFILE): 1048576:1048576
2023/12/19 12:46:46 [notice] 1#1: start worker processes
2023/12/19 12:46:46 [notice] 1#1: start worker process 21
2023/12/19 12:46:46 [notice] 1#1: start worker process 22
2023/12/19 13:17:00 [notice] 1#1: signal 3 (SIGQUIT) received, shutting down
2023/12/19 13:17:00 [notice] 21#21: gracefully shutting down
2023/12/19 13:17:00 [notice] 22#22: gracefully shutting down
2023/12/19 13:17:00 [notice] 22#22: exiting
2023/12/19 13:17:00 [notice] 21#21: exiting
2023/12/19 13:17:00 [notice] 21#21: exit
2023/12/19 13:17:00 [notice] 22#22: exit
2023/12/19 13:17:00 [notice] 1#1: signal 17 (SIGCHLD) received from 21
2023/12/19 13:17:00 [notice] 1#1: worker process 21 exited with code 0
2023/12/19 13:17:00 [notice] 1#1: signal 29 (SIGIO) received
2023/12/19 13:17:00 [notice] 1#1: signal 17 (SIGCHLD) received from 22
2023/12/19 13:17:00 [notice] 1#1: worker process 22 exited with code 0
2023/12/19 13:17:00 [notice] 1#1: exit
2023/12/19 13:17:22 [notice] 1#1: using the "epoll" event method
2023/12/19 13:17:22 [notice] 1#1: nginx/1.25.3
2023/12/19 13:17:22 [notice] 1#1: built by gcc 12.2.0 (Debian 12.2.0-14) 
2023/12/19 13:17:22 [notice] 1#1: OS: Linux 6.5.11-linuxkit
2023/12/19 13:17:22 [notice] 1#1: getrlimit(RLIMIT_NOFILE): 1048576:1048576
2023/12/19 13:17:22 [notice] 1#1: start worker processes
2023/12/19 13:17:22 [notice] 1#1: start worker process 21
2023/12/19 13:17:22 [notice] 1#1: start worker process 22
2023/12/19 13:38:33 [notice] 1#1: signal 3 (SIGQUIT) received, shutting down
2023/12/19 13:38:33 [notice] 21#21: gracefully shutting down
2023/12/19 13:38:33 [notice] 21#21: exiting
2023/12/19 13:38:33 [notice] 22#22: gracefully shutting down
2023/12/19 13:38:33 [notice] 21#21: exit
2023/12/19 13:38:33 [notice] 22#22: exiting
2023/12/19 13:38:33 [notice] 22#22: exit
2023/12/19 13:38:33 [notice] 1#1: signal 17 (SIGCHLD) received from 21
2023/12/19 13:38:33 [notice] 1#1: worker process 21 exited with code 0
2023/12/19 13:38:33 [notice] 1#1: signal 29 (SIGIO) received
2023/12/19 13:38:33 [notice] 1#1: signal 17 (SIGCHLD) received from 22
2023/12/19 13:38:33 [notice] 1#1: worker process 22 exited with code 0
2023/12/19 13:38:33 [notice] 1#1: exit
2023/12/19 13:38:51 [notice] 1#1: using the "epoll" event method
2023/12/19 13:38:51 [notice] 1#1: nginx/1.25.3
2023/12/19 13:38:51 [notice] 1#1: built by gcc 12.2.0 (Debian 12.2.0-14) 
2023/12/19 13:38:51 [notice] 1#1: OS: Linux 6.5.11-linuxkit
2023/12/19 13:38:51 [notice] 1#1: getrlimit(RLIMIT_NOFILE): 1048576:1048576
2023/12/19 13:38:51 [notice] 1#1: start worker processes
2023/12/19 13:38:51 [notice] 1#1: start worker process 21
2023/12/19 13:38:51 [notice] 1#1: start worker process 22
2023/12/19 14:00:45 [notice] 1#1: signal 3 (SIGQUIT) received, shutting down
2023/12/19 14:00:45 [notice] 21#21: gracefully shutting down
2023/12/19 14:00:45 [notice] 21#21: exiting
2023/12/19 14:00:45 [notice] 22#22: gracefully shutting down
2023/12/19 14:00:45 [notice] 22#22: exiting
2023/12/19 14:00:45 [notice] 21#21: exit
2023/12/19 14:00:45 [notice] 22#22: exit
2023/12/19 14:00:45 [notice] 1#1: signal 17 (SIGCHLD) received from 21
2023/12/19 14:00:45 [notice] 1#1: worker process 21 exited with code 0
2023/12/19 14:00:45 [notice] 1#1: worker process 22 exited with code 0
2023/12/19 14:00:45 [notice] 1#1: exit
2023/12/19 14:35:45 [notice] 1#1: using the "epoll" event method
2023/12/19 14:35:45 [notice] 1#1: nginx/1.25.3
2023/12/19 14:35:45 [notice] 1#1: built by gcc 12.2.0 (Debian 12.2.0-14) 
2023/12/19 14:35:45 [notice] 1#1: OS: Linux 6.5.0-14-generic
2023/12/19 14:35:45 [notice] 1#1: getrlimit(RLIMIT_NOFILE): 1048576:1048576
2023/12/19 14:35:45 [notice] 1#1: start worker processes
2023/12/19 14:35:45 [notice] 1#1: start worker process 21
2023/12/19 14:35:45 [notice] 1#1: start worker process 22
2023/12/19 14:35:45 [notice] 1#1: start worker process 23
2023/12/19 14:35:45 [notice] 1#1: start worker process 24
2023/12/19 14:35:45 [notice] 1#1: start worker process 25
2023/12/19 14:35:45 [notice] 1#1: start worker process 26
2023/12/19 14:35:45 [notice] 1#1: start worker process 27
2023/12/19 14:35:45 [notice] 1#1: start worker process 28
2023/12/19 14:35:45 [notice] 1#1: start worker process 29
2023/12/19 14:35:45 [notice] 1#1: start worker process 30
2023/12/19 14:35:45 [notice] 1#1: start worker process 31
2023/12/19 14:35:45 [notice] 1#1: start worker process 32
2023/12/19 14:35:45 [notice] 1#1: start worker process 33
2023/12/19 14:35:45 [notice] 1#1: start worker process 34
2023/12/19 14:35:45 [notice] 1#1: start worker process 35
2023/12/19 14:35:45 [notice] 1#1: start worker process 36
2023/12/19 14:35:52 [notice] 1#1: signal 3 (SIGQUIT) received, shutting down
2023/12/19 14:35:52 [notice] 21#21: gracefully shutting down
2023/12/19 14:35:52 [notice] 22#22: gracefully shutting down
2023/12/19 14:35:52 [notice] 23#23: gracefully shutting down
2023/12/19 14:35:52 [notice] 24#24: gracefully shutting down
2023/12/19 14:35:52 [notice] 25#25: gracefully shutting down
2023/12/19 14:35:52 [notice] 26#26: gracefully shutting down
2023/12/19 14:35:52 [notice] 27#27: gracefully shutting down
2023/12/19 14:35:52 [notice] 21#21: exiting
2023/12/19 14:35:52 [notice] 29#29: gracefully shutting down
2023/12/19 14:35:52 [notice] 28#28: gracefully shutting down
2023/12/19 14:35:52 [notice] 22#22: exiting
2023/12/19 14:35:52 [notice] 30#30: gracefully shutting down
2023/12/19 14:35:52 [notice] 31#31: gracefully shutting down
2023/12/19 14:35:52 [notice] 23#23: exiting
2023/12/19 14:35:52 [notice] 32#32: gracefully shutting down
2023/12/19 14:35:52 [notice] 24#24: exiting
2023/12/19 14:35:52 [notice] 25#25: exiting
2023/12/19 14:35:52 [notice] 35#35: gracefully shutting down
2023/12/19 14:35:52 [notice] 33#33: gracefully shutting down
2023/12/19 14:35:52 [notice] 36#36: gracefully shutting down
2023/12/19 14:35:52 [notice] 26#26: exiting
2023/12/19 14:35:52 [notice] 27#27: exiting
2023/12/19 14:35:52 [notice] 29#29: exiting
2023/12/19 14:35:52 [notice] 28#28: exiting
2023/12/19 14:35:52 [notice] 30#30: exiting
2023/12/19 14:35:52 [notice] 31#31: exiting
2023/12/19 14:35:52 [notice] 21#21: exit
2023/12/19 14:35:52 [notice] 22#22: exit
2023/12/19 14:35:52 [notice] 32#32: exiting
2023/12/19 14:35:52 [notice] 23#23: exit
2023/12/19 14:35:52 [notice] 35#35: exiting
2023/12/19 14:35:52 [notice] 33#33: exiting
2023/12/19 14:35:52 [notice] 36#36: exiting
2023/12/19 14:35:52 [notice] 25#25: exit
2023/12/19 14:35:52 [notice] 24#24: exit
2023/12/19 14:35:52 [notice] 27#27: exit
2023/12/19 14:35:52 [notice] 26#26: exit
2023/12/19 14:35:52 [notice] 30#30: exit
2023/12/19 14:35:52 [notice] 29#29: exit
2023/12/19 14:35:52 [notice] 28#28: exit
2023/12/19 14:35:52 [notice] 31#31: exit
2023/12/19 14:35:52 [notice] 32#32: exit
2023/12/19 14:35:52 [notice] 33#33: exit
2023/12/19 14:35:52 [notice] 35#35: exit
2023/12/19 14:35:52 [notice] 36#36: exit
2023/12/19 14:35:52 [notice] 34#34: gracefully shutting down
2023/12/19 14:35:52 [notice] 34#34: exiting
2023/12/19 14:35:52 [notice] 34#34: exit
2023/12/19 14:35:52 [notice] 1#1: signal 17 (SIGCHLD) received from 33
2023/12/19 14:35:52 [notice] 1#1: worker process 33 exited with code 0
2023/12/19 14:35:52 [notice] 1#1: worker process 29 exited with code 0
2023/12/19 14:35:52 [notice] 1#1: signal 29 (SIGIO) received
2023/12/19 14:35:52 [notice] 1#1: signal 17 (SIGCHLD) received from 29
2023/12/19 14:35:52 [notice] 1#1: signal 17 (SIGCHLD) received from 31
2023/12/19 14:35:52 [notice] 1#1: worker process 31 exited with code 0
2023/12/19 14:35:52 [notice] 1#1: signal 29 (SIGIO) received
2023/12/19 14:35:52 [notice] 1#1: signal 17 (SIGCHLD) received from 35
2023/12/19 14:35:52 [notice] 1#1: worker process 28 exited with code 0
2023/12/19 14:35:52 [notice] 1#1: worker process 35 exited with code 0
2023/12/19 14:35:52 [notice] 1#1: signal 29 (SIGIO) received
2023/12/19 14:35:52 [notice] 1#1: signal 17 (SIGCHLD) received from 28
2023/12/19 14:35:52 [notice] 1#1: signal 17 (SIGCHLD) received from 32
2023/12/19 14:35:52 [notice] 1#1: worker process 32 exited with code 0
2023/12/19 14:35:52 [notice] 1#1: signal 29 (SIGIO) received
2023/12/19 14:35:52 [notice] 1#1: signal 17 (SIGCHLD) received from 26
2023/12/19 14:35:52 [notice] 1#1: worker process 21 exited with code 0
2023/12/19 14:35:52 [notice] 1#1: worker process 23 exited with code 0
2023/12/19 14:35:52 [notice] 1#1: worker process 25 exited with code 0
2023/12/19 14:35:52 [notice] 1#1: worker process 26 exited with code 0
2023/12/19 14:35:52 [notice] 1#1: worker process 34 exited with code 0
2023/12/19 14:35:52 [notice] 1#1: worker process 36 exited with code 0
2023/12/19 14:35:52 [notice] 1#1: signal 29 (SIGIO) received
2023/12/19 14:35:52 [notice] 1#1: signal 17 (SIGCHLD) received from 21
2023/12/19 14:35:52 [notice] 1#1: worker process 24 exited with code 0
2023/12/19 14:35:52 [notice] 1#1: signal 29 (SIGIO) received
2023/12/19 14:35:52 [notice] 1#1: signal 17 (SIGCHLD) received from 27
2023/12/19 14:35:52 [notice] 1#1: worker process 27 exited with code 0
2023/12/19 14:35:52 [notice] 1#1: signal 29 (SIGIO) received
2023/12/19 14:35:52 [notice] 1#1: signal 17 (SIGCHLD) received from 22
2023/12/19 14:35:52 [notice] 1#1: worker process 22 exited with code 0
2023/12/19 14:35:52 [notice] 1#1: signal 29 (SIGIO) received
2023/12/19 14:35:52 [notice] 1#1: signal 17 (SIGCHLD) received from 30
2023/12/19 14:35:52 [notice] 1#1: worker process 30 exited with code 0
2023/12/19 14:35:52 [notice] 1#1: exit
2023/12/19 14:36:05 [notice] 1#1: using the "epoll" event method
2023/12/19 14:36:05 [notice] 1#1: nginx/1.25.3
2023/12/19 14:36:05 [notice] 1#1: built by gcc 12.2.0 (Debian 12.2.0-14) 
2023/12/19 14:36:05 [notice] 1#1: OS: Linux 6.5.0-14-generic
2023/12/19 14:36:05 [notice] 1#1: getrlimit(RLIMIT_NOFILE): 1048576:1048576
2023/12/19 14:36:05 [notice] 1#1: start worker processes
2023/12/19 14:36:05 [notice] 1#1: start worker process 21
2023/12/19 14:36:05 [notice] 1#1: start worker process 22
2023/12/19 14:36:05 [notice] 1#1: start worker process 23
2023/12/19 14:36:05 [notice] 1#1: start worker process 24
2023/12/19 14:36:05 [notice] 1#1: start worker process 25
2023/12/19 14:36:05 [notice] 1#1: start worker process 26
2023/12/19 14:36:05 [notice] 1#1: start worker process 27
2023/12/19 14:36:05 [notice] 1#1: start worker process 28
2023/12/19 14:36:05 [notice] 1#1: start worker process 29
2023/12/19 14:36:05 [notice] 1#1: start worker process 30
2023/12/19 14:36:05 [notice] 1#1: start worker process 31
2023/12/19 14:36:05 [notice] 1#1: start worker process 32
2023/12/19 14:36:05 [notice] 1#1: start worker process 33
2023/12/19 14:36:05 [notice] 1#1: start worker process 34
2023/12/19 14:36:05 [notice] 1#1: start worker process 35
2023/12/19 14:36:05 [notice] 1#1: start worker process 36
2023/12/19 14:44:09 [notice] 1#1: signal 3 (SIGQUIT) received, shutting down
2023/12/19 14:44:09 [notice] 21#21: gracefully shutting down
2023/12/19 14:44:09 [notice] 22#22: gracefully shutting down
2023/12/19 14:44:09 [notice] 23#23: gracefully shutting down
2023/12/19 14:44:09 [notice] 24#24: gracefully shutting down
2023/12/19 14:44:09 [notice] 25#25: gracefully shutting down
2023/12/19 14:44:09 [notice] 26#26: gracefully shutting down
2023/12/19 14:44:09 [notice] 27#27: gracefully shutting down
2023/12/19 14:44:09 [notice] 28#28: gracefully shutting down
2023/12/19 14:44:09 [notice] 21#21: exiting
2023/12/19 14:44:09 [notice] 22#22: exiting
2023/12/19 14:44:09 [notice] 29#29: gracefully shutting down
2023/12/19 14:44:09 [notice] 23#23: exiting
2023/12/19 14:44:09 [notice] 31#31: gracefully shutting down
2023/12/19 14:44:09 [notice] 24#24: exiting
2023/12/19 14:44:09 [notice] 25#25: exiting
2023/12/19 14:44:09 [notice] 32#32: gracefully shutting down
2023/12/19 14:44:09 [notice] 35#35: gracefully shutting down
2023/12/19 14:44:09 [notice] 33#33: gracefully shutting down
2023/12/19 14:44:09 [notice] 26#26: exiting
2023/12/19 14:44:09 [notice] 36#36: gracefully shutting down
2023/12/19 14:44:09 [notice] 34#34: gracefully shutting down
2023/12/19 14:44:09 [notice] 28#28: exiting
2023/12/19 14:44:09 [notice] 24#24: exit
2023/12/19 14:44:09 [notice] 27#27: exiting
2023/12/19 14:44:09 [notice] 29#29: exiting
2023/12/19 14:44:09 [notice] 31#31: exiting
2023/12/19 14:44:09 [notice] 23#23: exit
2023/12/19 14:44:09 [notice] 22#22: exit
2023/12/19 14:44:09 [notice] 25#25: exit
2023/12/19 14:44:09 [notice] 21#21: exit
2023/12/19 14:44:09 [notice] 32#32: exiting
2023/12/19 14:44:09 [notice] 35#35: exiting
2023/12/19 14:44:09 [notice] 33#33: exiting
2023/12/19 14:44:09 [notice] 36#36: exiting
2023/12/19 14:44:09 [notice] 34#34: exiting
2023/12/19 14:44:09 [notice] 26#26: exit
2023/12/19 14:44:09 [notice] 28#28: exit
2023/12/19 14:44:09 [notice] 27#27: exit
2023/12/19 14:44:09 [notice] 29#29: exit
2023/12/19 14:44:09 [notice] 35#35: exit
2023/12/19 14:44:09 [notice] 31#31: exit
2023/12/19 14:44:09 [notice] 32#32: exit
2023/12/19 14:44:09 [notice] 34#34: exit
2023/12/19 14:44:09 [notice] 36#36: exit
2023/12/19 14:44:09 [notice] 33#33: exit
2023/12/19 14:44:09 [notice] 30#30: gracefully shutting down
2023/12/19 14:44:09 [notice] 30#30: exiting
2023/12/19 14:44:09 [notice] 30#30: exit
2023/12/19 14:44:10 [notice] 1#1: signal 17 (SIGCHLD) received from 33
2023/12/19 14:44:10 [notice] 1#1: worker process 33 exited with code 0
2023/12/19 14:44:10 [notice] 1#1: signal 29 (SIGIO) received
2023/12/19 14:44:10 [notice] 1#1: signal 17 (SIGCHLD) received from 32
2023/12/19 14:44:10 [notice] 1#1: worker process 32 exited with code 0
2023/12/19 14:44:10 [notice] 1#1: worker process 27 exited with code 0
2023/12/19 14:44:10 [notice] 1#1: worker process 21 exited with code 0
2023/12/19 14:44:10 [notice] 1#1: worker process 28 exited with code 0
2023/12/19 14:44:10 [notice] 1#1: worker process 35 exited with code 0
2023/12/19 14:44:10 [notice] 1#1: signal 29 (SIGIO) received
2023/12/19 14:44:10 [notice] 1#1: signal 17 (SIGCHLD) received from 27
2023/12/19 14:44:10 [notice] 1#1: signal 17 (SIGCHLD) received from 31
2023/12/19 14:44:10 [notice] 1#1: worker process 31 exited with code 0
2023/12/19 14:44:10 [notice] 1#1: worker process 22 exited with code 0
2023/12/19 14:44:10 [notice] 1#1: worker process 24 exited with code 0
2023/12/19 14:44:10 [notice] 1#1: signal 29 (SIGIO) received
2023/12/19 14:44:10 [notice] 1#1: signal 17 (SIGCHLD) received from 22
2023/12/19 14:44:10 [notice] 1#1: signal 17 (SIGCHLD) received from 30
2023/12/19 14:44:10 [notice] 1#1: worker process 30 exited with code 0
2023/12/19 14:44:10 [notice] 1#1: signal 29 (SIGIO) received
2023/12/19 14:44:10 [notice] 1#1: signal 17 (SIGCHLD) received from 29
2023/12/19 14:44:10 [notice] 1#1: worker process 29 exited with code 0
2023/12/19 14:44:10 [notice] 1#1: signal 29 (SIGIO) received
2023/12/19 14:44:10 [notice] 1#1: signal 17 (SIGCHLD) received from 23
2023/12/19 14:44:10 [notice] 1#1: worker process 23 exited with code 0
2023/12/19 14:44:10 [notice] 1#1: worker process 26 exited with code 0
2023/12/19 14:44:10 [notice] 1#1: signal 29 (SIGIO) received
2023/12/19 14:44:10 [notice] 1#1: signal 17 (SIGCHLD) received from 34
2023/12/19 14:44:10 [notice] 1#1: worker process 25 exited with code 0
2023/12/19 14:44:10 [notice] 1#1: worker process 34 exited with code 0
2023/12/19 14:44:10 [notice] 1#1: signal 29 (SIGIO) received
2023/12/19 14:44:10 [notice] 1#1: signal 17 (SIGCHLD) received from 36
2023/12/19 14:44:10 [notice] 1#1: worker process 36 exited with code 0
2023/12/19 14:44:10 [notice] 1#1: exit
2023/12/19 14:45:06 [notice] 1#1: using the "epoll" event method
2023/12/19 14:45:06 [notice] 1#1: nginx/1.25.3
2023/12/19 14:45:06 [notice] 1#1: built by gcc 12.2.0 (Debian 12.2.0-14) 
2023/12/19 14:45:06 [notice] 1#1: OS: Linux 6.5.11-linuxkit
2023/12/19 14:45:06 [notice] 1#1: getrlimit(RLIMIT_NOFILE): 1048576:1048576
2023/12/19 14:45:06 [notice] 1#1: start worker processes
2023/12/19 14:45:06 [notice] 1#1: start worker process 21
2023/12/19 14:45:06 [notice] 1#1: start worker process 22
2023/12/19 15:32:47 [alert] 21#21: *217 sendfile() reported that "/var/www/html/public/js/script.js" was truncated at 1613 while sending response to client, client: 192.168.16.1, server: app.local, request: "GET /js/script.js HTTP/1.1", host: "127.0.0.1:8080", referrer: "http://127.0.0.1:8080/room"
2023/12/19 18:29:24 [notice] 1#1: signal 3 (SIGQUIT) received, shutting down
2023/12/19 18:29:24 [notice] 21#21: gracefully shutting down
2023/12/19 18:29:24 [notice] 21#21: exiting
2023/12/19 18:29:24 [notice] 22#22: gracefully shutting down
2023/12/19 18:29:24 [notice] 22#22: exiting
2023/12/19 18:29:24 [notice] 21#21: exit
2023/12/19 18:29:24 [notice] 22#22: exit
2023/12/19 18:29:24 [notice] 1#1: signal 17 (SIGCHLD) received from 22
2023/12/19 18:29:24 [notice] 1#1: worker process 21 exited with code 0
2023/12/19 18:29:24 [notice] 1#1: worker process 22 exited with code 0
2023/12/19 18:29:24 [notice] 1#1: exit
2023/12/19 18:29:48 [notice] 1#1: using the "epoll" event method
2023/12/19 18:29:48 [notice] 1#1: nginx/1.25.3
2023/12/19 18:29:48 [notice] 1#1: built by gcc 12.2.0 (Debian 12.2.0-14) 
2023/12/19 18:29:48 [notice] 1#1: OS: Linux 6.5.11-linuxkit
2023/12/19 18:29:48 [notice] 1#1: getrlimit(RLIMIT_NOFILE): 1048576:1048576
2023/12/19 18:29:48 [notice] 1#1: start worker processes
2023/12/19 18:29:48 [notice] 1#1: start worker process 21
2023/12/19 18:29:48 [notice] 1#1: start worker process 22
2023/12/19 18:31:40 [notice] 1#1: signal 3 (SIGQUIT) received, shutting down
2023/12/19 18:31:40 [notice] 22#22: gracefully shutting down
2023/12/19 18:31:40 [notice] 22#22: exiting
2023/12/19 18:31:40 [notice] 21#21: gracefully shutting down
2023/12/19 18:31:40 [notice] 22#22: exit
2023/12/19 18:31:40 [notice] 21#21: exiting
2023/12/19 18:31:40 [notice] 21#21: exit
2023/12/19 18:31:40 [notice] 1#1: signal 17 (SIGCHLD) received from 22
2023/12/19 18:31:40 [notice] 1#1: worker process 21 exited with code 0
2023/12/19 18:31:40 [notice] 1#1: worker process 22 exited with code 0
2023/12/19 18:31:40 [notice] 1#1: exit
2023/12/19 18:31:53 [notice] 1#1: using the "epoll" event method
2023/12/19 18:31:53 [notice] 1#1: nginx/1.25.3
2023/12/19 18:31:53 [notice] 1#1: built by gcc 12.2.0 (Debian 12.2.0-14) 
2023/12/19 18:31:53 [notice] 1#1: OS: Linux 6.5.11-linuxkit
2023/12/19 18:31:53 [notice] 1#1: getrlimit(RLIMIT_NOFILE): 1048576:1048576
2023/12/19 18:31:53 [notice] 1#1: start worker processes
2023/12/19 18:31:53 [notice] 1#1: start worker process 21
2023/12/19 18:31:53 [notice] 1#1: start worker process 22
2023/12/19 18:45:02 [alert] 21#21: *134 sendfile() reported that "/var/www/html/public/css/styles.css" was truncated at 6425 while sending response to client, client: 172.18.0.1, server: app.local, request: "GET /css/styles.css HTTP/1.1", host: "127.0.0.1:8080", referrer: "http://127.0.0.1:8080/services"
